0 info it worked if it ends with ok
1 verbose cli [ 'd:\\node.exe',
1 verbose cli   'd:\\node_modules\\npm\\bin\\npm-cli.js',
1 verbose cli   'start' ]
2 info using npm@2.5.1
3 info using node@v0.12.0
<<<<<<< HEAD
4 verbose stack Error: ENOENT, open 'c:\Users\admin\Documents\GitHub\subskribe\package.json'
4 verbose stack     at Error (native)
5 verbose cwd c:\Users\admin\Documents\GitHub\subskribe
6 error Windows_NT 6.3.9600
7 error argv "d:\\node.exe" "d:\\node_modules\\npm\\bin\\npm-cli.js" "start"
8 error node v0.12.0
9 error npm  v2.5.1
10 error path c:\Users\admin\Documents\GitHub\subskribe\package.json
11 error code ENOENT
12 error errno -4058
13 error enoent ENOENT, open 'c:\Users\admin\Documents\GitHub\subskribe\package.json'
=======
4 verbose stack Error: ENOENT, open 'c:\Users\draghu007\documents\GitHub\subskribe\package.json'
4 verbose stack     at Error (native)
5 verbose cwd c:\Users\draghu007\documents\GitHub\subskribe
6 error Windows_NT 6.1.7600
7 error argv "c:\\Program Files\\nodejs\\node.exe" "c:\\Program Files\\nodejs\\node_modules\\npm\\bin\\npm-cli.js" "start"
8 error node v0.12.0
9 error npm  v2.5.1
10 error path c:\Users\draghu007\documents\GitHub\subskribe\package.json
11 error code ENOENT
12 error errno -4058
13 error enoent ENOENT, open 'c:\Users\draghu007\documents\GitHub\subskribe\package.json'
>>>>>>> 810e02bf4b846280afae580ec19748481729ad77
13 error enoent This is most likely not a problem with npm itself
13 error enoent and is related to npm not being able to find a file.
14 verbose exit [ -4058, true ]
